[debug] [2021-06-27T13:12:41.303Z] ----------------------------------------------------------------------
[debug] [2021-06-27T13:12:41.306Z] Command:       C:\Program Files\nodejs\node.exe C:\Users\natha\AppData\Roaming\npm\node_modules\firebase-tools\lib\bin\firebase.js init firestore
[debug] [2021-06-27T13:12:41.307Z] CLI Version:   9.12.1
[debug] [2021-06-27T13:12:41.307Z] Platform:      win32
[debug] [2021-06-27T13:12:41.307Z] Node Version:  v15.5.1
[debug] [2021-06-27T13:12:41.308Z] Time:          Sun Jun 27 2021 07:12:41 GMT-0600 (GMT-06:00)
[debug] [2021-06-27T13:12:41.308Z] ----------------------------------------------------------------------
[debug] 
[debug] [2021-06-27T13:12:41.317Z] > command requires scopes: ["email","openid","https://www.googleapis.com/auth/cloudplatformprojects.readonly","https://www.googleapis.com/auth/firebase","https://www.googleapis.com/auth/cloud-platform"]
[debug] [2021-06-27T13:12:41.317Z] > authorizing via signed-in user (nszdevelopment@gmail.com)
[info] 
     ######## #### ########  ######## ########     ###     ######  ########
     ##        ##  ##     ## ##       ##     ##  ##   ##  ##       ##
     ######    ##  ########  ######   ########  #########  ######  ######
     ##        ##  ##    ##  ##       ##     ## ##     ##       ## ##
     ##       #### ##     ## ######## ########  ##     ##  ######  ########

You're about to initialize a Firebase project in this directory:

  G:\Web Coding\Apps_Games\PartyLoot

Before we get started, keep in mind:

  * You are initializing in an existing Firebase project directory

[info] 
=== Project Setup
[info] 
[info] First, let's associate this project directory with a Firebase project.
[info] You can create multiple project aliases by running firebase use --add, 
[info] but for now we'll just set up a default project.
[info] 
[info] i  .firebaserc already has a default project, using partyloot-6299f. 
[debug] [2021-06-27T13:12:44.630Z] >>> [apiv2][query] GET https://firebase.googleapis.com/v1beta1/projects/partyloot-6299f [none]
[debug] [2021-06-27T13:12:44.869Z] <<< [apiv2][status] GET https://firebase.googleapis.com/v1beta1/projects/partyloot-6299f 200
[debug] [2021-06-27T13:12:44.869Z] <<< [apiv2][body] GET https://firebase.googleapis.com/v1beta1/projects/partyloot-6299f {"projectId":"partyloot-6299f","projectNumber":"389228486252","displayName":"partyloot","name":"projects/partyloot-6299f","resources":{"hostingSite":"partyloot-6299f","storageBucket":"partyloot-6299f.appspot.com","locationId":"us-central"},"state":"ACTIVE"}
[info] 
=== Firestore Setup
[debug] [2021-06-27T13:12:44.871Z] > refreshing access token with scopes: ["email","https://www.googleapis.com/auth/cloud-platform","https://www.googleapis.com/auth/cloudplatformprojects.readonly","https://www.googleapis.com/auth/firebase","openid"]
[debug] [2021-06-27T13:12:44.871Z] >>> HTTP REQUEST POST https://www.googleapis.com/oauth2/v3/token  
 <request body omitted>
[debug] [2021-06-27T13:12:45.018Z] <<< HTTP RESPONSE 200 {"cache-control":"no-cache, no-store, max-age=0, must-revalidate","pragma":"no-cache","expires":"Mon, 01 Jan 1990 00:00:00 GMT","date":"Sun, 27 Jun 2021 13:12:43 GMT","content-type":"application/json; charset=utf-8","vary":"X-Origin, Referer, Origin,Accept-Encoding","server":"scaffolding on HTTPServer2","x-xss-protection":"0","x-frame-options":"SAMEORIGIN","x-content-type-options":"nosniff","alt-svc":"h3=\":443\"; ma=2592000,h3-29=\":443\"; ma=2592000,h3-T051=\":443\"; ma=2592000,h3-Q050=\":443\"; ma=2592000,h3-Q046=\":443\"; ma=2592000,h3-Q043=\":443\"; ma=2592000,quic=\":443\"; ma=2592000; v=\"46,43\"","accept-ranges":"none","transfer-encoding":"chunked"}
[debug] [2021-06-27T13:12:45.028Z] >>> HTTP REQUEST GET https://serviceusage.googleapis.com/v1/projects/partyloot-6299f/services/firestore.googleapis.com  
 
[debug] [2021-06-27T13:12:45.365Z] <<< HTTP RESPONSE 200 {"content-type":"application/json; charset=UTF-8","vary":"X-Origin, Referer, Origin,Accept-Encoding","date":"Sun, 27 Jun 2021 13:12:43 GMT","server":"ESF","cache-control":"private","x-xss-protection":"0","x-frame-options":"SAMEORIGIN","x-content-type-options":"nosniff","alt-svc":"h3=\":443\"; ma=2592000,h3-29=\":443\"; ma=2592000,h3-T051=\":443\"; ma=2592000,h3-Q050=\":443\"; ma=2592000,h3-Q046=\":443\"; ma=2592000,h3-Q043=\":443\"; ma=2592000,quic=\":443\"; ma=2592000; v=\"46,43\"","accept-ranges":"none","transfer-encoding":"chunked"}
[debug] [2021-06-27T13:12:45.366Z] >>> HTTP REQUEST GET https://appengine.googleapis.com/v1/apps/partyloot-6299f  
 
[debug] [2021-06-27T13:12:45.641Z] <<< HTTP RESPONSE 200 {"content-type":"application/json; charset=UTF-8","vary":"X-Origin, Referer, Origin,Accept-Encoding","date":"Sun, 27 Jun 2021 13:12:44 GMT","server":"ESF","cache-control":"private","x-xss-protection":"0","x-frame-options":"SAMEORIGIN","x-content-type-options":"nosniff","alt-svc":"h3=\":443\"; ma=2592000,h3-29=\":443\"; ma=2592000,h3-T051=\":443\"; ma=2592000,h3-Q050=\":443\"; ma=2592000,h3-Q046=\":443\"; ma=2592000,h3-Q043=\":443\"; ma=2592000,quic=\":443\"; ma=2592000; v=\"46,43\"","accept-ranges":"none","transfer-encoding":"chunked"}
[debug] [2021-06-27T13:12:45.642Z] database_type: CLOUD_FIRESTORE
[debug] [2021-06-27T13:12:45.642Z] > command requires scopes: ["email","openid","https://www.googleapis.com/auth/cloudplatformprojects.readonly","https://www.googleapis.com/auth/firebase","https://www.googleapis.com/auth/cloud-platform"]
[debug] [2021-06-27T13:12:45.642Z] > authorizing via signed-in user (nszdevelopment@gmail.com)
[debug] [2021-06-27T13:12:45.642Z] [iam] checking project partyloot-6299f for permissions ["firebase.projects.get"]
[debug] [2021-06-27T13:12:45.643Z] >>> HTTP REQUEST POST https://cloudresourcemanager.googleapis.com/v1/projects/partyloot-6299f:testIamPermissions  
 {"permissions":["firebase.projects.get"]}
[debug] [2021-06-27T13:12:45.874Z] <<< HTTP RESPONSE 200 {"content-type":"application/json; charset=UTF-8","vary":"X-Origin, Referer, Origin,Accept-Encoding","date":"Sun, 27 Jun 2021 13:12:44 GMT","server":"ESF","cache-control":"private","x-xss-protection":"0","x-frame-options":"SAMEORIGIN","x-content-type-options":"nosniff","server-timing":"gfet4t7; dur=101","alt-svc":"h3=\":443\"; ma=2592000,h3-29=\":443\"; ma=2592000,h3-T051=\":443\"; ma=2592000,h3-Q050=\":443\"; ma=2592000,h3-Q046=\":443\"; ma=2592000,h3-Q043=\":443\"; ma=2592000,quic=\":443\"; ma=2592000; v=\"46,43\"","accept-ranges":"none","transfer-encoding":"chunked"}
[info] 
[info] Firestore Security Rules allow you to define how and when to allow
[info] requests. You can keep these rules in your project directory
[info] and publish them with firebase deploy.
[info] 
